code/proguard/seeds.txt
com.moubry.tomatoratings.MovieTitleSuggestionsProvider
com.moubry.tomatoratings.ui.BaseActivity
com.moubry.tomatoratings.ui.HomeActivity
com.moubry.tomatoratings.ui.HomeActivity$1: void onClick(android.view.View)
com.moubry.tomatoratings.ui.HomeActivity$2: void onClick(android.view.View)
com.moubry.tomatoratings.ui.HomeActivity$3: void onClick(android.view.View)
com.moubry.tomatoratings.ui.HomeActivity$4: void onClick(android.view.View)
com.moubry.tomatoratings.ui.HomeActivity$5: void onClick(android.view.View)
com.moubry.tomatoratings.ui.HomeActivity$6: void onClick(android.view.View)
com.moubry.tomatoratings.ui.MainActivity
com.moubry.tomatoratings.ui.MainActivity: void cancel_click(android.view.View)
com.moubry.tomatoratings.ui.MainActivity: void agree_click(android.view.View)
com.moubry.tomatoratings.ui.MovieListBaseActivity
com.moubry.tomatoratings.ui.MovieListBoxOfficeActivity
com.moubry.tomatoratings.ui.MovieListDVDReleasesActivity
com.moubry.tomatoratings.ui.MovieListInTheatersActivity
com.moubry.tomatoratings.ui.MovieListUpcomingActivity
com.moubry.tomatoratings.ui.MovieRatingActivity
com.moubry.tomatoratings.ui.MovieRatingActivity$1: void onClick(android.view.View)
com.moubry.tomatoratings.ui.MovieRatingActivity$2: void onClick(android.view.View)
com.moubry.tomatoratings.ui.MovieRatingActivity$3: void onClick(android.view.View)
com.moubry.tomatoratings.ui.MovieRatingActivity$4: void onClick(android.view.View)
com.moubry.tomatoratings.ui.MovieRatingActivity$5: void onClick(android.view.View)
com.moubry.tomatoratings.ui.MovieRatingActivity$GetTopCriticReviewsTask$2: void onClick(android.view.View)
com.moubry.tomatoratings.ui.SearchActivity
com.moubry.tomatoratings.ui.SettingsActivity
com.moubry.tomatoratings.ui.widget.DashboardLayout
com.moubry.tomatoratings.ui.widget.DashboardLayout: DashboardLayout(android.content.Context,android.util.AttributeSet)
com.moubry.tomatoratings.ui.widget.DashboardLayout: DashboardLayout(android.content.Context,android.util.AttributeSet,int)
com.moubry.tomatoratings.util.ActivityHelper$1: void onClick(android.view.View)
com.moubry.tomatoratings.util.ActivityHelper$2: void onClick(android.view.View)
com.moubry.tomatoratings.util.ActivityHelper$3: void onClick(android.view.View)
com.moubry.tomatoratings.util.LicenseCheckActivity
...
android.support.v4.app.BackStackState
android.support.v4.app.BackStackState: android.os.Parcelable$Creator CREATOR
android.support.v4.app.Fragment: void registerForContextMenu(android.view.View)
android.support.v4.app.Fragment: void unregisterForContextMenu(android.view.View)
android.support.v4.app.FragmentActivity
android.support.v4.app.FragmentManagerState
android.support.v4.app.FragmentManagerState: android.os.Parcelable$Creator CREATOR
android.support.v4.app.FragmentState
android.support.v4.app.FragmentState: android.os.Parcelable$Creator CREATOR
android.support.v4.app.NoSaveStateFrameLayout
com.android.vending.licensing.ILicensingService
com.android.vending.licensing.LicenseCheckerCallback$ApplicationErrorCode: com.android.vending.licensing.LicenseCheckerCallback$ApplicationErrorCode[] values()
com.android.vending.licensing.LicenseCheckerCallback$ApplicationErrorCode: com.android.vending.licensing.LicenseCheckerCallback$ApplicationErrorCode valueOf(java.lang.String)
com.android.vending.licensing.Policy$LicenseResponse: com.android.vending.licensing.Policy$LicenseResponse[] values()
com.android.vending.licensing.Policy$LicenseResponse: com.android.vending.licensing.Policy$LicenseResponse valueOf(java.lang.String)
com.google.ads.AdActivity
com.google.ads.AdActivity: void onClick(android.view.View)
com.google.ads.AdRequest$ErrorCode: com.google.ads.AdRequest$ErrorCode[] values()
com.google.ads.AdRequest$ErrorCode: com.google.ads.AdRequest$ErrorCode valueOf(java.lang.String)
com.google.ads.AdRequest$Gender: com.google.ads.AdRequest$Gender[] values()
com.google.ads.AdRequest$Gender: com.google.ads.AdRequest$Gender valueOf(java.lang.String)
com.google.ads.AdView
com.google.ads.AdView: AdView(android.content.Context,android.util.AttributeSet)
com.google.ads.AdView: AdView(android.content.Context,android.util.AttributeSet,int)
com.google.ads.ab$b: com.google.ads.ab$b[] values()
com.google.ads.ab$b: com.google.ads.ab$b valueOf(java.lang.String)
com.google.ads.g
com.google.ads.h
com.google.ads.searchads.SearchAdRequest$BorderType: com.google.ads.searchads.SearchAdRequest$BorderType[] values()
com.google.ads.searchads.SearchAdRequest$BorderType: com.google.ads.searchads.SearchAdRequest$BorderType valueOf(java.lang.String)
com.google.ads.util.AdUtil$UserActivityReceiver
com.google.ads.util.AdUtil$a: com.google.ads.util.AdUtil$a[] values()
com.google.ads.util.AdUtil$a: com.google.ads.util.AdUtil$a valueOf(java.lang.String)
com.google.android.apps.analytics.AnalyticsReceiver
com.google.gson.FieldNamingPolicy: com.google.gson.FieldNamingPolicy[] values()
com.google.gson.FieldNamingPolicy: com.google.gson.FieldNamingPolicy valueOf(java.lang.String)
com.google.gson.LongSerializationPolicy: com.google.gson.LongSerializationPolicy[] values()
com.google.gson.LongSerializationPolicy: com.google.gson.LongSerializationPolicy valueOf(java.lang.String)
com.google.gson.ModifyFirstLetterNamingPolicy$LetterModifier: com.google.gson.ModifyFirstLetterNamingPolicy$LetterModifier[] values()
com.google.gson.ModifyFirstLetterNamingPolicy$LetterModifier: com.google.gson.ModifyFirstLetterNamingPolicy$LetterModifier valueOf(java.lang.String)
com.google.gson.stream.JsonScope: com.google.gson.stream.JsonScope[] values()
com.google.gson.stream.JsonScope: com.google.gson.stream.JsonScope valueOf(java.lang.String)
com.google.gson.stream.JsonToken: com.google.gson.stream.JsonToken[] values()
com.google.gson.stream.JsonToken: com.google.gson.stream.JsonToken valueOf(java.lang.String)