code/proguard/mapping.txt
com.moubry.tomatoratings.CategorizedListItem -> com.moubry.tomatoratings.a:
    boolean isSection() -> k
com.moubry.tomatoratings.CategoryListItem -> com.moubry.tomatoratings.b:
    java.lang.String title -> a
    java.lang.String getTitle() -> a
    boolean isSection() -> k
com.moubry.tomatoratings.MovieAdapter -> com.moubry.tomatoratings.c:
    boolean showYearInTitle -> a
    android.view.LayoutInflater vi -> b
    android.view.View getView(int,android.view.View,android.view.ViewGroup) -> getView
com.moubry.tomatoratings.MovieListAsyncTask -> com.moubry.tomatoratings.d:
    java.lang.String listName -> b
    android.content.Context context -> c
    java.lang.String errorMessage -> d
    com.moubry.tomatoratings.MovieListCallback callback -> a
    void onPostExecute(java.lang.Object) -> onPostExecute
    java.lang.Object doInBackground(java.lang.Object[]) -> doInBackground
com.moubry.tomatoratings.MovieListCallback -> com.moubry.tomatoratings.e:
    void HandleJsonResult(java.lang.String,java.lang.String) -> a
com.moubry.tomatoratings.MovieListDataSQLHelper -> com.moubry.tomatoratings.f:
    void onCreate(android.database.sqlite.SQLiteDatabase) -> onCreate
    void onUpgrade(android.database.sqlite.SQLiteDatabase,int,int) -> onUpgrade
com.moubry.tomatoratings.MovieTitleSuggestionsProvider -> com.moubry.tomatoratings.MovieTitleSuggestionsProvider:
com.moubry.tomatoratings.ui.BaseActivity -> com.moubry.tomatoratings.ui.BaseActivity:
    com.moubry.tomatoratings.util.ActivityHelper mActivityHelper -> k
    com.google.android.apps.analytics.GoogleAnalyticsTracker tracker -> l
    void onCreate(android.os.Bundle) -> onCreate
    void showWhatsNewIfEnabled() -> c
    void showAdsIfEnabled() -> d
    java.lang.String getPageNameForTracker() -> e
    void onResume() -> onResume
    void onDestroy() -> onDestroy
    void onPostCreate(android.os.Bundle) -> onPostCreate
    boolean onKeyDown(int,android.view.KeyEvent) -> onKeyDown
    boolean onCreateOptionsMenu(android.view.Menu) -> onCreateOptionsMenu
    boolean onOptionsItemSelected(android.view.MenuItem) -> onOptionsItemSelected
com.moubry.tomatoratings.ui.HomeActivity -> com.moubry.tomatoratings.ui.HomeActivity:
    void onCreate(android.os.Bundle) -> onCreate
com.moubry.tomatoratings.ui.HomeActivity$1 -> com.moubry.tomatoratings.ui.a:
    com.moubry.tomatoratings.ui.HomeActivity this$0 -> a
    void onClick(android.view.View) -> onClick
com.moubry.tomatoratings.ui.HomeActivity$2 -> com.moubry.tomatoratings.ui.b:
    com.moubry.tomatoratings.ui.HomeActivity this$0 -> a
    void onClick(android.view.View) -> onClick
com.moubry.tomatoratings.ui.HomeActivity$3 -> com.moubry.tomatoratings.ui.c:
    com.moubry.tomatoratings.ui.HomeActivity this$0 -> a
    void onClick(android.view.View) -> onClick
com.moubry.tomatoratings.ui.HomeActivity$4 -> com.moubry.tomatoratings.ui.d:
    com.moubry.tomatoratings.ui.HomeActivity this$0 -> a
    void onClick(android.view.View) -> onClick
com.moubry.tomatoratings.ui.HomeActivity$5 -> com.moubry.tomatoratings.ui.e:
    com.moubry.tomatoratings.ui.HomeActivity this$0 -> a
    void onClick(android.view.View) -> onClick
com.moubry.tomatoratings.ui.HomeActivity$6 -> com.moubry.tomatoratings.ui.f:
    com.moubry.tomatoratings.ui.HomeActivity this$0 -> a
    void onClick(android.view.View) -> onClick
com.moubry.tomatoratings.ui.MainActivity -> com.moubry.tomatoratings.ui.MainActivity:
    void onCreate(android.os.Bundle) -> onCreate
    void startNextActivity(boolean) -> b
    void cancel_click(android.view.View) -> cancel_click
    void agree_click(android.view.View) -> agree_click
...
android.support.v4.app.FragmentManagerImpl -> android.support.v4.app.j:
    boolean DEBUG -> a
    boolean HONEYCOMB -> b
    java.util.ArrayList mPendingActions -> c
    java.lang.Runnable[] mTmpActions -> d
    boolean mExecutingActions -> e
    java.util.ArrayList mActive -> f
    java.util.ArrayList mAdded -> g
    java.util.ArrayList mAvailIndices -> h
    java.util.ArrayList mBackStack -> i
    java.util.ArrayList mCreatedMenus -> j
    java.util.ArrayList mBackStackIndices -> k
    java.util.ArrayList mAvailBackStackIndices -> l
    java.util.ArrayList mBackStackChangeListeners -> m
    int mCurState -> n
    android.support.v4.app.FragmentActivity mActivity -> o
    boolean mNeedMenuInvalidate -> p
    boolean mStateSaved -> q
    boolean mDestroyed -> r
    java.lang.String mNoTransactionsBecause -> s
    android.os.Bundle mStateBundle -> t
    android.util.SparseArray mStateArray -> u
    java.lang.Runnable mExecCommit -> v
    android.view.animation.Interpolator DECELERATE_QUINT -> w
    android.view.animation.Interpolator DECELERATE_CUBIC -> x
    android.view.animation.Interpolator ACCELERATE_QUINT -> y
    android.view.animation.Interpolator ACCELERATE_CUBIC -> z
    boolean popBackStackImmediate() -> a
    java.lang.String toString() -> toString
    void dump$ec96877(java.lang.String,java.io.FileDescriptor,java.io.PrintWriter) -> a
    android.view.animation.Animation makeOpenCloseAnimation$376f30fd(float,float,float,float) -> a
android.support.v4.app.FragmentManagerImpl$1 -> android.support.v4.app.k:
    android.support.v4.app.FragmentManagerImpl this$0 -> a
    void run() -> run
android.support.v4.app.FragmentManagerImpl$5 -> android.support.v4.app.l:
    android.support.v4.app.Fragment val$fragment -> a
    android.support.v4.app.FragmentManagerImpl this$0 -> b
    void onAnimationEnd(android.view.animation.Animation) -> onAnimationEnd
    void onAnimationRepeat(android.view.animation.Animation) -> onAnimationRepeat
    void onAnimationStart(android.view.animation.Animation) -> onAnimationStart
android.support.v4.app.FragmentManagerState -> android.support.v4.app.FragmentManagerState:
    android.support.v4.app.FragmentState[] mActive -> a
    int[] mAdded -> b
    android.support.v4.app.BackStackState[] mBackStack -> c
    android.os.Parcelable$Creator CREATOR -> CREATOR
    int describeContents() -> describeContents
    void writeToParcel(android.os.Parcel,int) -> writeToParcel
android.support.v4.app.FragmentManagerState$1 -> android.support.v4.app.m:
    java.lang.Object[] newArray(int) -> newArray
    java.lang.Object createFromParcel(android.os.Parcel) -> createFromParcel
android.support.v4.app.FragmentState -> android.support.v4.app.FragmentState:
    java.lang.String mClassName -> a
    int mIndex -> b
    boolean mFromLayout -> c
    int mFragmentId -> d
    int mContainerId -> e
    java.lang.String mTag -> f
    boolean mRetainInstance -> g
    android.os.Bundle mArguments -> h
    android.os.Bundle mSavedFragmentState -> i
    android.support.v4.app.Fragment mInstance -> j
    android.os.Parcelable$Creator CREATOR -> CREATOR
    android.support.v4.app.Fragment instantiate(android.support.v4.app.FragmentActivity) -> a
    int describeContents() -> describeContents
    void writeToParcel(android.os.Parcel,int) -> writeToParcel
android.support.v4.app.FragmentState$1 -> android.support.v4.app.n:
    java.lang.Object[] newArray(int) -> newArray
    java.lang.Object createFromParcel(android.os.Parcel) -> createFromParcel
android.support.v4.app.FragmentTransaction -> android.support.v4.app.o: