code/proguard/usage.txt
com.moubry.tomatoratings.MovieListDataSQLHelper:
    public static final java.lang.String TAG
    private static final java.lang.String DATABASE_NAME
    private static final int DATABASE_VERSION
    public static final java.lang.String TABLE
    public static final java.lang.String TIME
    public static final java.lang.String TITLE
    public static final java.lang.String JSON
com.moubry.tomatoratings.MovieTitleSuggestionsProvider:
    public static final java.lang.String AUTHORITY
    public static final int MODE
com.moubry.tomatoratings.R
com.moubry.tomatoratings.R$array
com.moubry.tomatoratings.R$attr
com.moubry.tomatoratings.R$color
com.moubry.tomatoratings.R$dimen
com.moubry.tomatoratings.R$drawable
com.moubry.tomatoratings.R$id
com.moubry.tomatoratings.R$layout
com.moubry.tomatoratings.R$menu
com.moubry.tomatoratings.R$string
com.moubry.tomatoratings.R$style
com.moubry.tomatoratings.R$styleable
com.moubry.tomatoratings.R$xml
com.moubry.tomatoratings.ui.BaseActivity:
    173:174:public void openActivityOrFragment(android.content.Intent)
    182:200:public static android.os.Bundle intentToFragmentArguments(android.content.Intent)
    208:222:public static android.content.Intent fragmentArgumentsToIntent(android.os.Bundle)
com.moubry.tomatoratings.ui.MovieListBaseActivity:
    public static final java.lang.String TAG
com.moubry.tomatoratings.ui.MovieRatingActivity:
    public static final java.lang.String TAG
    601:601:static synthetic android.graphics.Bitmap access$0()
com.moubry.tomatoratings.ui.SearchActivity:
    public static final java.lang.String TAG
com.moubry.tomatoratings.ui.widget.DashboardLayout:
    public static final java.lang.String TAG
    private static final int UNEVEN_GRID_PENALTY_MULTIPLIER
com.moubry.tomatoratings.util.ActivityHelper:
    101:101:public void setupHomeActivity()
    108:108:public void setupSubActivity()
com.moubry.tomatoratings.util.ActivityHelperHoneycomb:
    76:82:public void setupHomeActivity()
    87:93:public void setupSubActivity()
com.moubry.tomatoratings.util.AnalyticsUtils:
    private static final int APP_VERSION_SLOT
    private static final java.lang.String APP_VERSION_LABEL
    private static final int ANDROID_VERSION_SLOT
    private static final java.lang.String ANDROID_VERSION_LABEL
    private static final int DEVICE_SLOT
    private static final java.lang.String DEVICE_LABEL
    private static final int SCREEN_ORIENTATION_SLOT
    private static final java.lang.String SCREEN_ORIENTATION_LABEL
    private static final int APP_STORE_SLOT
    private static final java.lang.String APP_STORE_LABEL
com.moubry.tomatoratings.util.LicenseCheckActivity:
    private static final java.lang.String TAG
    static final java.lang.String BASE64_PUBLIC_KEY
com.moubry.tomatoratings.util.UIUtils:
    private static final int BRIGHTNESS_THRESHOLD
    73:83:public static void setTextMaybeHtml(android.widget.TextView,java.lang.String)
    90:108:public static android.text.Spannable buildStyledSnippet(java.lang.String)
    112:113:public static java.lang.String getLastUsedTrackID(android.content.Context)
    117:119:public static void setLastUsedTrackID(android.content.Context,java.lang.String)
    130:130:public static boolean isColorDark(int)
    144:144:public static boolean isHoneycombTablet(android.content.Context)
    150:155:public static android.graphics.drawable.Drawable getIconForIntent(android.content.Context,android.content.Intent)
com.moubry.tomatoratings.util.WebService:
    public static final java.lang.String TAG
    60:70:public java.lang.String webInvoke(java.lang.String,java.util.Map)
    74:113:private java.lang.String webInvoke(java.lang.String,java.lang.String,java.lang.String)
    170:174:public static org.json.JSONObject Object(java.lang.Object)
    178:207:public java.io.InputStream getHttpStream(java.lang.String)
    211:212:public void clearCookies()
    216:223:public void abort()
...
com.android.vending.licensing.ILicenseResultListener$Stub:
    private static final java.lang.String DESCRIPTOR
    static final int TRANSACTION_verifyLicense
com.android.vending.licensing.ILicenseResultListener$Stub$Proxy:
    79:79:public java.lang.String getInterfaceDescriptor()
com.android.vending.licensing.ILicensingService$Stub:
    private static final java.lang.String DESCRIPTOR
    static final int TRANSACTION_checkLicense
    40:40:public android.os.IBinder asBinder()
com.android.vending.licensing.ILicensingService$Stub$Proxy:
    79:79:public java.lang.String getInterfaceDescriptor()
com.android.vending.licensing.LicenseChecker:
    private static final java.lang.String TAG
    private static final java.lang.String KEY_FACTORY_ALGORITHM
    private static final int TIMEOUT_MS
com.android.vending.licensing.LicenseValidator:
    private static final java.lang.String TAG
    private static final int LICENSED
    private static final int NOT_LICENSED
    private static final int LICENSED_OLD_KEY
    private static final int ERROR_NOT_MARKET_MANAGED
    private static final int ERROR_SERVER_FAILURE
    private static final int ERROR_OVER_QUOTA
    private static final int ERROR_CONTACTING_SERVER
    private static final int ERROR_INVALID_PACKAGE_NAME
    private static final int ERROR_NON_MATCHING_UID
    private static final java.lang.String SIGNATURE_ALGORITHM
com.android.vending.licensing.PreferenceObfuscator:
    private static final java.lang.String TAG
com.android.vending.licensing.R
com.android.vending.licensing.R$array
com.android.vending.licensing.R$attr
com.android.vending.licensing.R$color
com.android.vending.licensing.R$dimen
com.android.vending.licensing.R$drawable
com.android.vending.licensing.R$id
com.android.vending.licensing.R$layout
com.android.vending.licensing.R$menu
com.android.vending.licensing.R$string
com.android.vending.licensing.R$style
com.android.vending.licensing.R$styleable
com.android.vending.licensing.R$xml
com.android.vending.licensing.ServerManagedPolicy:
    private static final java.lang.String TAG
    private static final java.lang.String PREFS_FILE
    private static final java.lang.String PREF_LAST_RESPONSE
    private static final java.lang.String PREF_VALIDITY_TIMESTAMP
    private static final java.lang.String PREF_RETRY_UNTIL
    private static final java.lang.String PREF_MAX_RETRIES
    private static final java.lang.String PREF_RETRY_COUNT
    private static final java.lang.String DEFAULT_VALIDITY_TIMESTAMP
    private static final java.lang.String DEFAULT_RETRY_UNTIL
    private static final java.lang.String DEFAULT_MAX_RETRIES
    private static final java.lang.String DEFAULT_RETRY_COUNT
    private static final long MILLIS_PER_MINUTE
    154:154:public long getRetryCount()
    180:180:public long getValidityTimestamp()
    206:206:public long getRetryUntil()
    232:232:public long getMaxRetries()
com.android.vending.licensing.StrictPolicy
com.android.vending.licensing.ValidationException:
    private static final long serialVersionUID
com.android.vending.licensing.util.Base64:
    public static final boolean ENCODE
    public static final boolean DECODE
    private static final byte EQUALS_SIGN
    private static final byte NEW_LINE
    private static final byte WHITE_SPACE_ENC
    private static final byte EQUALS_SIGN_ENC
    258:258:public static java.lang.String encodeWebSafe(byte[],boolean)
    431:432:public static byte[] decodeWebSafe(java.lang.String)
    445:445:public static byte[] decode(byte[])
    458:458:public static byte[] decodeWebSafe(byte[])
    489:489:public static byte[] decodeWebSafe(byte[],int,int)
com.android.vending.licensing.util.Base64DecoderException:
    private static final long serialVersionUID
com.google.ads.Ad:
    public abstract boolean isReady()
    public abstract void loadAd(com.google.ads.AdRequest)
    public abstract void setAdListener(com.google.ads.AdListener)
    public abstract void stopLoading()